<?xml version="1.0" encoding="UTF-8"?>
<!-- Generated by org.testng.reporters.JUnitReportReporter -->
<testsuite skipped="0" hostname="Administrators-MacBook-Pro-9.local" name="com.qa.xyz.tests.LoginTest" tests="1" failures="0" timestamp="21 Oct 2018 13:35:28 GMT" time="5.728" errors="0">
  <testcase name="verifyLoginPageTitle" time="5.728" classname="com.qa.xyz.tests.LoginTest"/>
</testsuite> <!-- com.qa.xyz.tests.LoginTest -->
